c:\users\cem\desktop\ıfn660\masterfıle\js_nameresolutıon\js_nameresolutıon\debug\vc140.pdb
c:\users\cem\desktop\ıfn660\masterfıle\js_nameresolutıon\js_nameresolutıon\debug\vc140.ıdb
c:\users\cem\desktop\ıfn660\masterfıle\js_nameresolutıon\js_nameresolutıon\debug\functıonmaın.obj
c:\users\cem\desktop\ıfn660\masterfıle\js_nameresolutıon\js_nameresolutıon\debug\jsvalue.obj
c:\users\cem\desktop\ıfn660\masterfıle\js_nameresolutıon\js_nameresolutıon\debug\maınjs.obj
c:\users\cem\desktop\ıfn660\masterfıle\js_nameresolutıon\js_nameresolutıon\debug\maınall.obj
c:\users\cem\desktop\ıfn660\masterfile\js_nameresolution\debug\js_nameresolution.lib
c:\users\cem\desktop\ıfn660\masterfile\js_nameresolution\debug\js_nameresolution.exp
c:\users\cem\desktop\ıfn660\masterfıle\js_nameresolutıon\debug\js_nameresolutıon.ılk
c:\users\cem\desktop\ıfn660\masterfıle\js_nameresolutıon\debug\js_nameresolutıon.exe
c:\users\cem\desktop\ıfn660\masterfıle\js_nameresolutıon\debug\js_nameresolutıon.pdb
c:\users\cem\desktop\ıfn660\masterfile\js_nameresolution\js_nameresolution\debug\functionmain.obj
c:\users\cem\desktop\ıfn660\masterfile\js_nameresolution\js_nameresolution\debug\jsvalue.obj
c:\users\cem\desktop\ıfn660\masterfile\js_nameresolution\js_nameresolution\debug\mainall.obj
c:\users\cem\desktop\ıfn660\masterfile\js_nameresolution\js_nameresolution\debug\mainjs.obj
c:\users\cem\desktop\ıfn660\masterfile\js_nameresolution\js_nameresolution\debug\vc140.idb
c:\users\cem\desktop\ıfn660\masterfile\js_nameresolution\js_nameresolution\debug\vc140.pdb
c:\users\cem\desktop\ıfn660\masterfile\js_nameresolution\debug\js_nameresolution.pdb
c:\users\cem\desktop\ıfn660\masterfile\js_nameresolution\debug\js_nameresolution.exe
c:\users\cem\desktop\ıfn660\masterfile\js_nameresolution\debug\js_nameresolution.ilk
c:\users\cem\desktop\ıfn660\masterfile\js_nameresolution\js_nameresolution\debug\js_namer.464597c0.tlog\cl.command.1.tlog
c:\users\cem\desktop\ıfn660\masterfile\js_nameresolution\js_nameresolution\debug\js_namer.464597c0.tlog\cl.read.1.tlog
c:\users\cem\desktop\ıfn660\masterfile\js_nameresolution\js_nameresolution\debug\js_namer.464597c0.tlog\cl.write.1.tlog
c:\users\cem\desktop\ıfn660\masterfile\js_nameresolution\js_nameresolution\debug\js_namer.464597c0.tlog\js_nameresolution.write.1u.tlog
c:\users\cem\desktop\ıfn660\masterfile\js_nameresolution\js_nameresolution\debug\js_namer.464597c0.tlog\link.command.1.tlog
c:\users\cem\desktop\ıfn660\masterfile\js_nameresolution\js_nameresolution\debug\js_namer.464597c0.tlog\link.read.1.tlog
c:\users\cem\desktop\ıfn660\masterfile\js_nameresolution\js_nameresolution\debug\js_namer.464597c0.tlog\link.write.1.tlog
