  Process "parser.y" bison file
  Process "scanner.l" flex file
  CodeGenerator.cpp
c:\users\cem\desktop\ifn660\masterfile\program\program\codegenerator.cpp(18): warning C4996: 'sprintf': This function or variable may be unsafe. Consider using sprintf_s instead. To disable deprecation, use _CRT_SECURE_NO_WARNINGS. See online help for details.
  c:\program files (x86)\windows kits\10\include\10.0.10240.0\ucrt\stdio.h(1769): note: see declaration of 'sprintf'
c:\users\cem\desktop\ifn660\masterfile\program\program\codegenerator.cpp(19): warning C4996: 'fopen': This function or variable may be unsafe. Consider using fopen_s instead. To disable deprecation, use _CRT_SECURE_NO_WARNINGS. See online help for details.
  c:\program files (x86)\windows kits\10\include\10.0.10240.0\ucrt\stdio.h(205): note: see declaration of 'fopen'
  scanner.cpp
c:\program files (x86)\microsoft visual studio 14.0\vc\include\stdint.h(48): warning C4005: 'INT8_MIN': macro redefinition
  c:\users\cem\desktop\ifn660\masterfile\program\program\scanner.cpp(137): note: see previous definition of 'INT8_MIN'
c:\program files (x86)\microsoft visual studio 14.0\vc\include\stdint.h(49): warning C4005: 'INT16_MIN': macro redefinition
  c:\users\cem\desktop\ifn660\masterfile\program\program\scanner.cpp(140): note: see previous definition of 'INT16_MIN'
c:\program files (x86)\microsoft visual studio 14.0\vc\include\stdint.h(50): warning C4005: 'INT32_MIN': macro redefinition
  c:\users\cem\desktop\ifn660\masterfile\program\program\scanner.cpp(143): note: see previous definition of 'INT32_MIN'
c:\program files (x86)\microsoft visual studio 14.0\vc\include\stdint.h(52): warning C4005: 'INT8_MAX': macro redefinition
  c:\users\cem\desktop\ifn660\masterfile\program\program\scanner.cpp(146): note: see previous definition of 'INT8_MAX'
c:\program files (x86)\microsoft visual studio 14.0\vc\include\stdint.h(53): warning C4005: 'INT16_MAX': macro redefinition
  c:\users\cem\desktop\ifn660\masterfile\program\program\scanner.cpp(149): note: see previous definition of 'INT16_MAX'
c:\program files (x86)\microsoft visual studio 14.0\vc\include\stdint.h(54): warning C4005: 'INT32_MAX': macro redefinition
  c:\users\cem\desktop\ifn660\masterfile\program\program\scanner.cpp(152): note: see previous definition of 'INT32_MAX'
c:\program files (x86)\microsoft visual studio 14.0\vc\include\stdint.h(56): warning C4005: 'UINT8_MAX': macro redefinition
  c:\users\cem\desktop\ifn660\masterfile\program\program\scanner.cpp(155): note: see previous definition of 'UINT8_MAX'
c:\program files (x86)\microsoft visual studio 14.0\vc\include\stdint.h(57): warning C4005: 'UINT16_MAX': macro redefinition
  c:\users\cem\desktop\ifn660\masterfile\program\program\scanner.cpp(158): note: see previous definition of 'UINT16_MAX'
c:\program files (x86)\microsoft visual studio 14.0\vc\include\stdint.h(58): warning C4005: 'UINT32_MAX': macro redefinition
  c:\users\cem\desktop\ifn660\masterfile\program\program\scanner.cpp(161): note: see previous definition of 'UINT32_MAX'
  parser.cpp
c:\users\cem\desktop\ifn660\masterfile\program\program\parser.cpp(1459): warning C4065: switch statement contains 'default' but no 'case' labels
  Generating Code...
  Skipping... (no relevant changes detected)
  main.cpp
CodeGenerator.obj : error LNK2005: _main already defined in main.obj
C:\Users\Cem\Desktop\IFN660\masterfile\Program\Debug\Program.exe : fatal error LNK1169: one or more multiply defined symbols found
