c:\users\cem\desktop\ıfn660\masterfile\parser.flex.cpp
c:\users\cem\desktop\ıfn660\masterfile\parser.tab.cpp
c:\users\cem\desktop\ıfn660\masterfile\scanner.flex.cpp
c:\users\cem\desktop\ıfn660\masterfıle\program\program\debug\vc140.pdb
c:\users\cem\desktop\ıfn660\masterfıle\program\program\debug\vc140.ıdb
c:\users\cem\desktop\ıfn660\masterfıle\program\program\debug\astexpressıon.obj
c:\users\cem\desktop\ıfn660\masterfıle\program\program\debug\aststatement.obj
c:\users\cem\desktop\ıfn660\masterfıle\program\program\debug\maın.obj
c:\users\cem\desktop\ıfn660\masterfıle\program\program\debug\booleanvalue.obj
c:\users\cem\desktop\ıfn660\masterfıle\program\program\debug\jsvalue.obj
c:\users\cem\desktop\ıfn660\masterfıle\program\program\debug\nullvalue.obj
c:\users\cem\desktop\ıfn660\masterfıle\program\program\debug\numbervalue.obj
c:\users\cem\desktop\ıfn660\masterfıle\program\program\debug\objectvalue.obj
c:\users\cem\desktop\ıfn660\masterfıle\program\program\debug\strıngvalue.obj
c:\users\cem\desktop\ıfn660\masterfıle\program\program\debug\undefınedvalue.obj
c:\users\cem\desktop\ıfn660\masterfıle\program\program\debug\declaratıveenvıronmentrecord.obj
c:\users\cem\desktop\ıfn660\masterfıle\program\program\debug\reference.obj
c:\users\cem\desktop\ıfn660\masterfıle\program\program\debug\program.obj
c:\users\cem\desktop\ıfn660\masterfıle\program\program\debug\stdafx.obj
c:\users\cem\desktop\ıfn660\masterfıle\program\program\debug\scanner.obj
c:\users\cem\desktop\ıfn660\masterfıle\program\program\debug\parser.obj
c:\users\cem\desktop\ıfn660\masterfıle\program\program\debug\operatıon.obj
c:\users\cem\desktop\ıfn660\masterfıle\program\debug\program.ılk
c:\users\cem\desktop\ıfn660\masterfıle\program\debug\program.exe
c:\users\cem\desktop\ıfn660\masterfıle\program\debug\program.pdb
c:\users\cem\desktop\ıfn660\masterfile\program\program\debug\astexpression.obj
c:\users\cem\desktop\ıfn660\masterfile\program\program\debug\aststatement.obj
c:\users\cem\desktop\ıfn660\masterfile\program\program\debug\booleanvalue.obj
c:\users\cem\desktop\ıfn660\masterfile\program\program\debug\declarativeenvironmentrecord.obj
c:\users\cem\desktop\ıfn660\masterfile\program\program\debug\jsvalue.obj
c:\users\cem\desktop\ıfn660\masterfile\program\program\debug\main.obj
c:\users\cem\desktop\ıfn660\masterfile\program\program\debug\nullvalue.obj
c:\users\cem\desktop\ıfn660\masterfile\program\program\debug\numbervalue.obj
c:\users\cem\desktop\ıfn660\masterfile\program\program\debug\objectvalue.obj
c:\users\cem\desktop\ıfn660\masterfile\program\program\debug\operation.obj
c:\users\cem\desktop\ıfn660\masterfile\program\program\debug\parser.obj
c:\users\cem\desktop\ıfn660\masterfile\program\program\debug\program.obj
c:\users\cem\desktop\ıfn660\masterfile\program\program\debug\reference.obj
c:\users\cem\desktop\ıfn660\masterfile\program\program\debug\scanner.obj
c:\users\cem\desktop\ıfn660\masterfile\program\program\debug\stdafx.obj
c:\users\cem\desktop\ıfn660\masterfile\program\program\debug\stringvalue.obj
c:\users\cem\desktop\ıfn660\masterfile\program\program\debug\undefinedvalue.obj
c:\users\cem\desktop\ıfn660\masterfile\program\program\debug\program.write.1.tlog
c:\users\cem\desktop\ıfn660\masterfile\program\program\debug\vc140.idb
c:\users\cem\desktop\ıfn660\masterfile\program\program\debug\vc140.pdb
c:\users\cem\desktop\ıfn660\masterfile\program\debug\program.pdb
c:\users\cem\desktop\ıfn660\masterfile\program\debug\program.exe
c:\users\cem\desktop\ıfn660\masterfile\program\debug\program.ilk
c:\users\cem\desktop\ıfn660\masterfile\program\program\debug\program.tlog\cl.command.1.tlog
c:\users\cem\desktop\ıfn660\masterfile\program\program\debug\program.tlog\cl.read.1.tlog
c:\users\cem\desktop\ıfn660\masterfile\program\program\debug\program.tlog\cl.write.1.tlog
c:\users\cem\desktop\ıfn660\masterfile\program\program\debug\program.tlog\link.command.1.tlog
c:\users\cem\desktop\ıfn660\masterfile\program\program\debug\program.tlog\link.read.1.tlog
c:\users\cem\desktop\ıfn660\masterfile\program\program\debug\program.tlog\link.write.1.tlog
